2018-02-28 14:49:10.674 DEBUG IN-MU-LT-J27428 --- [nio-8082-exec-4] o.s.b.w.f.OrderedRequestContextFilter    : Bound request context to thread: org.apache.catalina.connector.RequestFacade@8904331
2018-02-28 14:49:10.674 DEBUG IN-MU-LT-J27428 --- [nio-8082-exec-4] o.s.w.s.DispatcherServlet                : DispatcherServlet with name 'dispatcherServlet' processing GET request for [/printLogger]
2018-02-28 14:49:10.674 DEBUG IN-MU-LT-J27428 --- [nio-8082-exec-4] s.w.s.m.m.a.RequestMappingHandlerMapping : Looking up handler method for path /printLogger
2018-02-28 14:49:10.674 DEBUG IN-MU-LT-J27428 --- [nio-8082-exec-4] s.w.s.m.m.a.RequestMappingHandlerMapping : Returning handler method [public org.springframework.http.ResponseEntity<com.travelex.response.BaseResponse> com.travelex.controller.ConsumerController.printLogs()]
2018-02-28 14:49:10.674 DEBUG IN-MU-LT-J27428 --- [nio-8082-exec-4] o.s.b.f.s.DefaultListableBeanFactory     : Returning cached instance of singleton bean 'consumerController'
2018-02-28 14:49:10.675 DEBUG IN-MU-LT-J27428 --- [nio-8082-exec-4] o.s.w.s.DispatcherServlet                : Last-Modified value for [/printLogger] is: -1
2018-02-28 14:49:10.675 DEBUG IN-MU-LT-J27428 --- [nio-8082-exec-4] o.j.s.OpenEntityManagerInViewInterceptor : Opening JPA EntityManager in OpenEntityManagerInViewInterceptor
2018-02-28 14:49:10.675 DEBUG IN-MU-LT-J27428 --- [nio-8082-exec-4] c.t.c.ConsumerController                 : This is Debug
2018-02-28 14:49:10.675  INFO IN-MU-LT-J27428 --- [nio-8082-exec-4] c.t.c.ConsumerController                 : This is Info 
2018-02-28 14:49:10.675  WARN IN-MU-LT-J27428 --- [nio-8082-exec-4] c.t.c.ConsumerController                 : This is Warning 
2018-02-28 14:49:10.675 ERROR IN-MU-LT-J27428 --- [nio-8082-exec-4] c.t.c.ConsumerController                 : This is Error 
2018-02-28 14:49:10.675 FATAL IN-MU-LT-J27428 --- [nio-8082-exec-4] c.t.c.ConsumerController                 : This is Fatal 
2018-02-28 14:49:10.677 DEBUG IN-MU-LT-J27428 --- [nio-8082-exec-4] o.s.w.s.m.m.a.HttpEntityMethodProcessor  : Written [BaseResponse(status=200, message=Everything looks good )] as "application/json" using [org.springframework.http.converter.json.MappingJackson2HttpMessageConverter@397bce86]
2018-02-28 14:49:10.677 DEBUG IN-MU-LT-J27428 --- [nio-8082-exec-4] o.s.w.s.DispatcherServlet                : Null ModelAndView returned to DispatcherServlet with name 'dispatcherServlet': assuming HandlerAdapter completed request handling
2018-02-28 14:49:10.677 DEBUG IN-MU-LT-J27428 --- [nio-8082-exec-4] o.j.s.OpenEntityManagerInViewInterceptor : Closing JPA EntityManager in OpenEntityManagerInViewInterceptor
2018-02-28 14:49:10.677 DEBUG IN-MU-LT-J27428 --- [nio-8082-exec-4] o.s.o.j.EntityManagerFactoryUtils        : Closing JPA EntityManager
2018-02-28 14:49:10.677 DEBUG IN-MU-LT-J27428 --- [nio-8082-exec-4] o.s.w.s.DispatcherServlet                : Successfully completed request
2018-02-28 14:49:10.677 DEBUG IN-MU-LT-J27428 --- [nio-8082-exec-4] o.s.b.w.f.OrderedRequestContextFilter    : Cleared thread-bound request context: org.apache.catalina.connector.RequestFacade@8904331
2018-02-28 15:43:09.843 DEBUG IN-MU-LT-J27428 --- [nio-8082-exec-7] o.s.b.w.f.OrderedRequestContextFilter    : Bound request context to thread: org.apache.catalina.connector.RequestFacade@28566477
2018-02-28 15:43:09.843 DEBUG IN-MU-LT-J27428 --- [nio-8082-exec-7] o.s.w.s.DispatcherServlet                : DispatcherServlet with name 'dispatcherServlet' processing GET request for [/printLogger]
2018-02-28 15:43:09.844 DEBUG IN-MU-LT-J27428 --- [nio-8082-exec-7] s.w.s.m.m.a.RequestMappingHandlerMapping : Looking up handler method for path /printLogger
2018-02-28 15:43:09.872 DEBUG IN-MU-LT-J27428 --- [nio-8082-exec-7] s.w.s.m.m.a.RequestMappingHandlerMapping : Returning handler method [public org.springframework.http.ResponseEntity<com.travelex.response.BaseResponse> com.travelex.controller.ConsumerController.printLogs()]
2018-02-28 15:43:09.872 DEBUG IN-MU-LT-J27428 --- [nio-8082-exec-7] o.s.b.f.s.DefaultListableBeanFactory     : Returning cached instance of singleton bean 'consumerController'
2018-02-28 15:43:09.872 DEBUG IN-MU-LT-J27428 --- [nio-8082-exec-7] o.s.w.s.DispatcherServlet                : Last-Modified value for [/printLogger] is: -1
2018-02-28 15:43:09.873 DEBUG IN-MU-LT-J27428 --- [nio-8082-exec-7] o.j.s.OpenEntityManagerInViewInterceptor : Opening JPA EntityManager in OpenEntityManagerInViewInterceptor
2018-02-28 15:43:09.874 DEBUG IN-MU-LT-J27428 --- [nio-8082-exec-7] c.t.c.ConsumerController                 : This is Debug
2018-02-28 15:43:09.874  INFO IN-MU-LT-J27428 --- [nio-8082-exec-7] c.t.c.ConsumerController                 : This is Info 
2018-02-28 15:43:09.874  WARN IN-MU-LT-J27428 --- [nio-8082-exec-7] c.t.c.ConsumerController                 : This is Warning 
2018-02-28 15:43:09.874 ERROR IN-MU-LT-J27428 --- [nio-8082-exec-7] c.t.c.ConsumerController                 : This is Error 
2018-02-28 15:43:09.874 FATAL IN-MU-LT-J27428 --- [nio-8082-exec-7] c.t.c.ConsumerController                 : This is Fatal 
2018-02-28 15:43:09.877 DEBUG IN-MU-LT-J27428 --- [nio-8082-exec-7] o.s.w.s.m.m.a.HttpEntityMethodProcessor  : Written [BaseResponse(status=200, message=Everything looks good )] as "application/json" using [org.springframework.http.converter.json.MappingJackson2HttpMessageConverter@397bce86]
2018-02-28 15:43:09.878 DEBUG IN-MU-LT-J27428 --- [nio-8082-exec-7] o.s.w.s.DispatcherServlet                : Null ModelAndView returned to DispatcherServlet with name 'dispatcherServlet': assuming HandlerAdapter completed request handling
2018-02-28 15:43:09.878 DEBUG IN-MU-LT-J27428 --- [nio-8082-exec-7] o.j.s.OpenEntityManagerInViewInterceptor : Closing JPA EntityManager in OpenEntityManagerInViewInterceptor
2018-02-28 15:43:09.878 DEBUG IN-MU-LT-J27428 --- [nio-8082-exec-7] o.s.o.j.EntityManagerFactoryUtils        : Closing JPA EntityManager
2018-02-28 15:43:09.878 DEBUG IN-MU-LT-J27428 --- [nio-8082-exec-7] o.s.w.s.DispatcherServlet                : Successfully completed request
2018-02-28 15:43:09.878 DEBUG IN-MU-LT-J27428 --- [nio-8082-exec-7] o.s.b.w.f.OrderedRequestContextFilter    : Cleared thread-bound request context: org.apache.catalina.connector.RequestFacade@28566477
2018-02-28 16:04:51.151 DEBUG IN-MU-LT-J27428 --- [nio-8082-exec-9] o.s.b.w.f.OrderedRequestContextFilter    : Bound request context to thread: org.apache.catalina.connector.RequestFacade@28566477
2018-02-28 16:04:51.151 DEBUG IN-MU-LT-J27428 --- [nio-8082-exec-9] o.s.w.s.DispatcherServlet                : DispatcherServlet with name 'dispatcherServlet' processing GET request for [/printLogger]
2018-02-28 16:04:51.152 DEBUG IN-MU-LT-J27428 --- [nio-8082-exec-9] s.w.s.m.m.a.RequestMappingHandlerMapping : Looking up handler method for path /printLogger
2018-02-28 16:04:51.152 DEBUG IN-MU-LT-J27428 --- [nio-8082-exec-9] s.w.s.m.m.a.RequestMappingHandlerMapping : Returning handler method [public org.springframework.http.ResponseEntity<com.travelex.response.BaseResponse> com.travelex.controller.ConsumerController.printLogs()]
2018-02-28 16:04:51.152 DEBUG IN-MU-LT-J27428 --- [nio-8082-exec-9] o.s.b.f.s.DefaultListableBeanFactory     : Returning cached instance of singleton bean 'consumerController'
2018-02-28 16:04:51.152 DEBUG IN-MU-LT-J27428 --- [nio-8082-exec-9] o.s.w.s.DispatcherServlet                : Last-Modified value for [/printLogger] is: -1
2018-02-28 16:04:51.152 DEBUG IN-MU-LT-J27428 --- [nio-8082-exec-9] o.j.s.OpenEntityManagerInViewInterceptor : Opening JPA EntityManager in OpenEntityManagerInViewInterceptor
2018-02-28 16:04:51.507 DEBUG IN-MU-LT-J27428 --- [nio-8082-exec-9] c.t.c.ConsumerController                 : This is Debug
2018-02-28 16:04:51.507  INFO IN-MU-LT-J27428 --- [nio-8082-exec-9] c.t.c.ConsumerController                 : This is Info 
2018-02-28 16:04:51.507  WARN IN-MU-LT-J27428 --- [nio-8082-exec-9] c.t.c.ConsumerController                 : This is Warning 
2018-02-28 16:04:51.507 ERROR IN-MU-LT-J27428 --- [nio-8082-exec-9] c.t.c.ConsumerController                 : This is Error 
2018-02-28 16:04:51.508 FATAL IN-MU-LT-J27428 --- [nio-8082-exec-9] c.t.c.ConsumerController                 : This is Fatal 
2018-02-28 16:04:51.512 DEBUG IN-MU-LT-J27428 --- [nio-8082-exec-9] o.s.w.s.m.m.a.HttpEntityMethodProcessor  : Written [BaseResponse(status=200, message=Everything looks good )] as "application/json" using [org.springframework.http.converter.json.MappingJackson2HttpMessageConverter@397bce86]
2018-02-28 16:04:51.513 DEBUG IN-MU-LT-J27428 --- [nio-8082-exec-9] o.s.w.s.DispatcherServlet                : Null ModelAndView returned to DispatcherServlet with name 'dispatcherServlet': assuming HandlerAdapter completed request handling
2018-02-28 16:04:51.513 DEBUG IN-MU-LT-J27428 --- [nio-8082-exec-9] o.j.s.OpenEntityManagerInViewInterceptor : Closing JPA EntityManager in OpenEntityManagerInViewInterceptor
2018-02-28 16:04:51.513 DEBUG IN-MU-LT-J27428 --- [nio-8082-exec-9] o.s.o.j.EntityManagerFactoryUtils        : Closing JPA EntityManager
2018-02-28 16:04:51.601 DEBUG IN-MU-LT-J27428 --- [nio-8082-exec-9] o.s.w.s.DispatcherServlet                : Successfully completed request
2018-02-28 16:04:51.601 DEBUG IN-MU-LT-J27428 --- [nio-8082-exec-9] o.s.b.w.f.OrderedRequestContextFilter    : Cleared thread-bound request context: org.apache.catalina.connector.RequestFacade@28566477
2018-02-28 16:17:42.786 DEBUG IN-MU-LT-J27428 --- [nio-8082-exec-3] o.s.b.w.f.OrderedRequestContextFilter    : Bound request context to thread: org.apache.catalina.connector.RequestFacade@8904331
2018-02-28 16:17:42.787 DEBUG IN-MU-LT-J27428 --- [nio-8082-exec-3] o.s.w.s.DispatcherServlet                : DispatcherServlet with name 'dispatcherServlet' processing GET request for [/printLogger]
2018-02-28 16:17:42.787 DEBUG IN-MU-LT-J27428 --- [nio-8082-exec-3] s.w.s.m.m.a.RequestMappingHandlerMapping : Looking up handler method for path /printLogger
2018-02-28 16:17:42.788 DEBUG IN-MU-LT-J27428 --- [nio-8082-exec-3] s.w.s.m.m.a.RequestMappingHandlerMapping : Returning handler method [public org.springframework.http.ResponseEntity<com.travelex.response.BaseResponse> com.travelex.controller.ConsumerController.printLogs()]
2018-02-28 16:17:42.788 DEBUG IN-MU-LT-J27428 --- [nio-8082-exec-3] o.s.b.f.s.DefaultListableBeanFactory     : Returning cached instance of singleton bean 'consumerController'
2018-02-28 16:17:42.788 DEBUG IN-MU-LT-J27428 --- [nio-8082-exec-3] o.s.w.s.DispatcherServlet                : Last-Modified value for [/printLogger] is: -1
2018-02-28 16:17:42.788 DEBUG IN-MU-LT-J27428 --- [nio-8082-exec-3] o.j.s.OpenEntityManagerInViewInterceptor : Opening JPA EntityManager in OpenEntityManagerInViewInterceptor
2018-02-28 16:17:42.805 DEBUG IN-MU-LT-J27428 --- [nio-8082-exec-3] c.t.c.ConsumerController                 : This is Debug
2018-02-28 16:17:42.806  INFO IN-MU-LT-J27428 --- [nio-8082-exec-3] c.t.c.ConsumerController                 : This is Info 
2018-02-28 16:17:42.806  WARN IN-MU-LT-J27428 --- [nio-8082-exec-3] c.t.c.ConsumerController                 : This is Warning 
2018-02-28 16:17:42.806 ERROR IN-MU-LT-J27428 --- [nio-8082-exec-3] c.t.c.ConsumerController                 : This is Error 
2018-02-28 16:17:42.806 FATAL IN-MU-LT-J27428 --- [nio-8082-exec-3] c.t.c.ConsumerController                 : This is Fatal 
2018-02-28 16:17:42.809 DEBUG IN-MU-LT-J27428 --- [nio-8082-exec-3] o.s.w.s.m.m.a.HttpEntityMethodProcessor  : Written [BaseResponse(status=200, message=Everything looks good )] as "application/json" using [org.springframework.http.converter.json.MappingJackson2HttpMessageConverter@397bce86]
2018-02-28 16:17:42.809 DEBUG IN-MU-LT-J27428 --- [nio-8082-exec-3] o.s.w.s.DispatcherServlet                : Null ModelAndView returned to DispatcherServlet with name 'dispatcherServlet': assuming HandlerAdapter completed request handling
2018-02-28 16:17:42.838 DEBUG IN-MU-LT-J27428 --- [nio-8082-exec-3] o.j.s.OpenEntityManagerInViewInterceptor : Closing JPA EntityManager in OpenEntityManagerInViewInterceptor
2018-02-28 16:17:42.838 DEBUG IN-MU-LT-J27428 --- [nio-8082-exec-3] o.s.o.j.EntityManagerFactoryUtils        : Closing JPA EntityManager
2018-02-28 16:17:43.001 DEBUG IN-MU-LT-J27428 --- [nio-8082-exec-3] o.s.w.s.DispatcherServlet                : Successfully completed request
2018-02-28 16:17:43.001 DEBUG IN-MU-LT-J27428 --- [nio-8082-exec-3] o.s.b.w.f.OrderedRequestContextFilter    : Cleared thread-bound request context: org.apache.catalina.connector.RequestFacade@8904331
2018-02-28 16:20:04.112 DEBUG IN-MU-LT-J27428 --- [nio-8082-exec-6] o.s.b.w.f.OrderedRequestContextFilter    : Bound request context to thread: org.apache.catalina.connector.RequestFacade@28566477
2018-02-28 16:20:04.112 DEBUG IN-MU-LT-J27428 --- [nio-8082-exec-6] o.s.w.s.DispatcherServlet                : DispatcherServlet with name 'dispatcherServlet' processing GET request for [/printLogger]
2018-02-28 16:20:04.113 DEBUG IN-MU-LT-J27428 --- [nio-8082-exec-6] s.w.s.m.m.a.RequestMappingHandlerMapping : Looking up handler method for path /printLogger
2018-02-28 16:20:04.113 DEBUG IN-MU-LT-J27428 --- [nio-8082-exec-6] s.w.s.m.m.a.RequestMappingHandlerMapping : Returning handler method [public org.springframework.http.ResponseEntity<com.travelex.response.BaseResponse> com.travelex.controller.ConsumerController.printLogs()]
2018-02-28 16:20:04.113 DEBUG IN-MU-LT-J27428 --- [nio-8082-exec-6] o.s.b.f.s.DefaultListableBeanFactory     : Returning cached instance of singleton bean 'consumerController'
2018-02-28 16:20:04.113 DEBUG IN-MU-LT-J27428 --- [nio-8082-exec-6] o.s.w.s.DispatcherServlet                : Last-Modified value for [/printLogger] is: -1
2018-02-28 16:20:04.119 DEBUG IN-MU-LT-J27428 --- [nio-8082-exec-6] o.j.s.OpenEntityManagerInViewInterceptor : Opening JPA EntityManager in OpenEntityManagerInViewInterceptor
2018-02-28 16:20:04.119 DEBUG IN-MU-LT-J27428 --- [nio-8082-exec-6] c.t.c.ConsumerController                 : This is Debug
2018-02-28 16:20:04.119  INFO IN-MU-LT-J27428 --- [nio-8082-exec-6] c.t.c.ConsumerController                 : This is Info 
2018-02-28 16:20:04.119  WARN IN-MU-LT-J27428 --- [nio-8082-exec-6] c.t.c.ConsumerController                 : This is Warning 
2018-02-28 16:20:04.119 ERROR IN-MU-LT-J27428 --- [nio-8082-exec-6] c.t.c.ConsumerController                 : This is Error 
2018-02-28 16:20:04.119 FATAL IN-MU-LT-J27428 --- [nio-8082-exec-6] c.t.c.ConsumerController                 : This is Fatal 
2018-02-28 16:20:04.124 DEBUG IN-MU-LT-J27428 --- [nio-8082-exec-6] o.s.w.s.m.m.a.HttpEntityMethodProcessor  : Written [BaseResponse(status=200, message=Everything looks good )] as "application/json" using [org.springframework.http.converter.json.MappingJackson2HttpMessageConverter@397bce86]
2018-02-28 16:20:04.125 DEBUG IN-MU-LT-J27428 --- [nio-8082-exec-6] o.s.w.s.DispatcherServlet                : Null ModelAndView returned to DispatcherServlet with name 'dispatcherServlet': assuming HandlerAdapter completed request handling
2018-02-28 16:20:04.125 DEBUG IN-MU-LT-J27428 --- [nio-8082-exec-6] o.j.s.OpenEntityManagerInViewInterceptor : Closing JPA EntityManager in OpenEntityManagerInViewInterceptor
2018-02-28 16:20:04.125 DEBUG IN-MU-LT-J27428 --- [nio-8082-exec-6] o.s.o.j.EntityManagerFactoryUtils        : Closing JPA EntityManager
2018-02-28 16:20:04.125 DEBUG IN-MU-LT-J27428 --- [nio-8082-exec-6] o.s.w.s.DispatcherServlet                : Successfully completed request
2018-02-28 16:20:04.125 DEBUG IN-MU-LT-J27428 --- [nio-8082-exec-6] o.s.b.w.f.OrderedRequestContextFilter    : Cleared thread-bound request context: org.apache.catalina.connector.RequestFacade@28566477
2018-02-28 16:24:42.480 DEBUG IN-MU-LT-J27428 --- [io-8082-exec-10] o.s.b.w.f.OrderedRequestContextFilter    : Bound request context to thread: org.apache.catalina.connector.RequestFacade@8904331
2018-02-28 16:24:42.481 DEBUG IN-MU-LT-J27428 --- [io-8082-exec-10] o.s.w.s.DispatcherServlet                : DispatcherServlet with name 'dispatcherServlet' processing GET request for [/printLogger]
2018-02-28 16:24:42.481 DEBUG IN-MU-LT-J27428 --- [io-8082-exec-10] s.w.s.m.m.a.RequestMappingHandlerMapping : Looking up handler method for path /printLogger
2018-02-28 16:24:42.481 DEBUG IN-MU-LT-J27428 --- [io-8082-exec-10] s.w.s.m.m.a.RequestMappingHandlerMapping : Returning handler method [public org.springframework.http.ResponseEntity<com.travelex.response.BaseResponse> com.travelex.controller.ConsumerController.printLogs()]
2018-02-28 16:24:42.481 DEBUG IN-MU-LT-J27428 --- [io-8082-exec-10] o.s.b.f.s.DefaultListableBeanFactory     : Returning cached instance of singleton bean 'consumerController'
2018-02-28 16:24:42.482 DEBUG IN-MU-LT-J27428 --- [io-8082-exec-10] o.s.w.s.DispatcherServlet                : Last-Modified value for [/printLogger] is: -1
2018-02-28 16:24:42.482 DEBUG IN-MU-LT-J27428 --- [io-8082-exec-10] o.j.s.OpenEntityManagerInViewInterceptor : Opening JPA EntityManager in OpenEntityManagerInViewInterceptor
2018-02-28 16:24:42.482 DEBUG IN-MU-LT-J27428 --- [io-8082-exec-10] c.t.c.ConsumerController                 : This is Debug
2018-02-28 16:24:42.482  INFO IN-MU-LT-J27428 --- [io-8082-exec-10] c.t.c.ConsumerController                 : This is Info 
2018-02-28 16:24:42.482  WARN IN-MU-LT-J27428 --- [io-8082-exec-10] c.t.c.ConsumerController                 : This is Warning 
2018-02-28 16:24:42.482 ERROR IN-MU-LT-J27428 --- [io-8082-exec-10] c.t.c.ConsumerController                 : This is Error 
2018-02-28 16:24:42.482 FATAL IN-MU-LT-J27428 --- [io-8082-exec-10] c.t.c.ConsumerController                 : This is Fatal 
2018-02-28 16:24:42.488 DEBUG IN-MU-LT-J27428 --- [io-8082-exec-10] o.s.w.s.m.m.a.HttpEntityMethodProcessor  : Written [BaseResponse(status=200, message=Everything looks good )] as "application/json" using [org.springframework.http.converter.json.MappingJackson2HttpMessageConverter@397bce86]
2018-02-28 16:24:42.488 DEBUG IN-MU-LT-J27428 --- [io-8082-exec-10] o.s.w.s.DispatcherServlet                : Null ModelAndView returned to DispatcherServlet with name 'dispatcherServlet': assuming HandlerAdapter completed request handling
2018-02-28 16:24:42.489 DEBUG IN-MU-LT-J27428 --- [io-8082-exec-10] o.j.s.OpenEntityManagerInViewInterceptor : Closing JPA EntityManager in OpenEntityManagerInViewInterceptor
2018-02-28 16:24:42.489 DEBUG IN-MU-LT-J27428 --- [io-8082-exec-10] o.s.o.j.EntityManagerFactoryUtils        : Closing JPA EntityManager
2018-02-28 16:24:42.489 DEBUG IN-MU-LT-J27428 --- [io-8082-exec-10] o.s.w.s.DispatcherServlet                : Successfully completed request
2018-02-28 16:24:42.489 DEBUG IN-MU-LT-J27428 --- [io-8082-exec-10] o.s.b.w.f.OrderedRequestContextFilter    : Cleared thread-bound request context: org.apache.catalina.connector.RequestFacade@8904331
2018-02-28 16:27:26.993 DEBUG IN-MU-LT-J27428 --- [nio-8082-exec-2] o.s.b.w.f.OrderedRequestContextFilter    : Bound request context to thread: org.apache.catalina.connector.RequestFacade@28566477
2018-02-28 16:27:26.993 DEBUG IN-MU-LT-J27428 --- [nio-8082-exec-2] o.s.w.s.DispatcherServlet                : DispatcherServlet with name 'dispatcherServlet' processing GET request for [/printLogger]
2018-02-28 16:27:26.993 DEBUG IN-MU-LT-J27428 --- [nio-8082-exec-2] s.w.s.m.m.a.RequestMappingHandlerMapping : Looking up handler method for path /printLogger
2018-02-28 16:27:26.994 DEBUG IN-MU-LT-J27428 --- [nio-8082-exec-2] s.w.s.m.m.a.RequestMappingHandlerMapping : Returning handler method [public org.springframework.http.ResponseEntity<com.travelex.response.BaseResponse> com.travelex.controller.ConsumerController.printLogs()]
2018-02-28 16:27:26.994 DEBUG IN-MU-LT-J27428 --- [nio-8082-exec-2] o.s.b.f.s.DefaultListableBeanFactory     : Returning cached instance of singleton bean 'consumerController'
2018-02-28 16:27:26.994 DEBUG IN-MU-LT-J27428 --- [nio-8082-exec-2] o.s.w.s.DispatcherServlet                : Last-Modified value for [/printLogger] is: -1
2018-02-28 16:27:26.994 DEBUG IN-MU-LT-J27428 --- [nio-8082-exec-2] o.j.s.OpenEntityManagerInViewInterceptor : Opening JPA EntityManager in OpenEntityManagerInViewInterceptor
2018-02-28 16:27:26.994 DEBUG IN-MU-LT-J27428 --- [nio-8082-exec-2] c.t.c.ConsumerController                 : This is Debug
2018-02-28 16:27:26.994  INFO IN-MU-LT-J27428 --- [nio-8082-exec-2] c.t.c.ConsumerController                 : This is Info 
2018-02-28 16:27:26.994  WARN IN-MU-LT-J27428 --- [nio-8082-exec-2] c.t.c.ConsumerController                 : This is Warning 
2018-02-28 16:27:26.994 ERROR IN-MU-LT-J27428 --- [nio-8082-exec-2] c.t.c.ConsumerController                 : This is Error 
2018-02-28 16:27:26.994 FATAL IN-MU-LT-J27428 --- [nio-8082-exec-2] c.t.c.ConsumerController                 : This is Fatal 
2018-02-28 16:27:27.011 DEBUG IN-MU-LT-J27428 --- [nio-8082-exec-2] o.s.w.s.m.m.a.HttpEntityMethodProcessor  : Written [BaseResponse(status=200, message=Everything looks good )] as "application/json" using [org.springframework.http.converter.json.MappingJackson2HttpMessageConverter@397bce86]
2018-02-28 16:27:27.011 DEBUG IN-MU-LT-J27428 --- [nio-8082-exec-2] o.s.w.s.DispatcherServlet                : Null ModelAndView returned to DispatcherServlet with name 'dispatcherServlet': assuming HandlerAdapter completed request handling
2018-02-28 16:27:27.011 DEBUG IN-MU-LT-J27428 --- [nio-8082-exec-2] o.j.s.OpenEntityManagerInViewInterceptor : Closing JPA EntityManager in OpenEntityManagerInViewInterceptor
2018-02-28 16:27:27.011 DEBUG IN-MU-LT-J27428 --- [nio-8082-exec-2] o.s.o.j.EntityManagerFactoryUtils        : Closing JPA EntityManager
2018-02-28 16:27:27.011 DEBUG IN-MU-LT-J27428 --- [nio-8082-exec-2] o.s.w.s.DispatcherServlet                : Successfully completed request
2018-02-28 16:27:27.012 DEBUG IN-MU-LT-J27428 --- [nio-8082-exec-2] o.s.b.w.f.OrderedRequestContextFilter    : Cleared thread-bound request context: org.apache.catalina.connector.RequestFacade@28566477
2018-02-28 18:23:13.626 DEBUG IN-MU-LT-J27428 --- [nio-8082-exec-5] o.s.b.w.f.OrderedRequestContextFilter    : Bound request context to thread: org.apache.catalina.connector.RequestFacade@8904331
2018-02-28 18:23:13.627 DEBUG IN-MU-LT-J27428 --- [nio-8082-exec-5] o.s.w.s.DispatcherServlet                : DispatcherServlet with name 'dispatcherServlet' processing GET request for [/printLogger]
2018-02-28 18:23:13.627 DEBUG IN-MU-LT-J27428 --- [nio-8082-exec-5] s.w.s.m.m.a.RequestMappingHandlerMapping : Looking up handler method for path /printLogger
2018-02-28 18:23:13.655 DEBUG IN-MU-LT-J27428 --- [nio-8082-exec-5] s.w.s.m.m.a.RequestMappingHandlerMapping : Returning handler method [public org.springframework.http.ResponseEntity<com.travelex.response.BaseResponse> com.travelex.controller.ConsumerController.printLogs()]
2018-02-28 18:23:13.655 DEBUG IN-MU-LT-J27428 --- [nio-8082-exec-5] o.s.b.f.s.DefaultListableBeanFactory     : Returning cached instance of singleton bean 'consumerController'
2018-02-28 18:23:13.669 DEBUG IN-MU-LT-J27428 --- [nio-8082-exec-5] o.s.w.s.DispatcherServlet                : Last-Modified value for [/printLogger] is: -1
2018-02-28 18:23:13.669 DEBUG IN-MU-LT-J27428 --- [nio-8082-exec-5] o.j.s.OpenEntityManagerInViewInterceptor : Opening JPA EntityManager in OpenEntityManagerInViewInterceptor
2018-02-28 18:23:13.670 DEBUG IN-MU-LT-J27428 --- [nio-8082-exec-5] c.t.c.ConsumerController                 : This is Debug
2018-02-28 18:23:13.671  INFO IN-MU-LT-J27428 --- [nio-8082-exec-5] c.t.c.ConsumerController                 : This is Info 
2018-02-28 18:23:13.671  WARN IN-MU-LT-J27428 --- [nio-8082-exec-5] c.t.c.ConsumerController                 : This is Warning 
2018-02-28 18:23:13.671 ERROR IN-MU-LT-J27428 --- [nio-8082-exec-5] c.t.c.ConsumerController                 : This is Error 
2018-02-28 18:23:13.671 FATAL IN-MU-LT-J27428 --- [nio-8082-exec-5] c.t.c.ConsumerController                 : This is Fatal 
2018-02-28 18:23:13.722 DEBUG IN-MU-LT-J27428 --- [nio-8082-exec-5] o.s.w.s.m.m.a.HttpEntityMethodProcessor  : Written [BaseResponse(status=200, message=Everything looks good )] as "application/json" using [org.springframework.http.converter.json.MappingJackson2HttpMessageConverter@397bce86]
2018-02-28 18:23:13.722 DEBUG IN-MU-LT-J27428 --- [nio-8082-exec-5] o.s.w.s.DispatcherServlet                : Null ModelAndView returned to DispatcherServlet with name 'dispatcherServlet': assuming HandlerAdapter completed request handling
2018-02-28 18:23:13.722 DEBUG IN-MU-LT-J27428 --- [nio-8082-exec-5] o.j.s.OpenEntityManagerInViewInterceptor : Closing JPA EntityManager in OpenEntityManagerInViewInterceptor
2018-02-28 18:23:13.722 DEBUG IN-MU-LT-J27428 --- [nio-8082-exec-5] o.s.o.j.EntityManagerFactoryUtils        : Closing JPA EntityManager
2018-02-28 18:23:13.722 DEBUG IN-MU-LT-J27428 --- [nio-8082-exec-5] o.s.w.s.DispatcherServlet                : Successfully completed request
2018-02-28 18:23:13.723 DEBUG IN-MU-LT-J27428 --- [nio-8082-exec-5] o.s.b.w.f.OrderedRequestContextFilter    : Cleared thread-bound request context: org.apache.catalina.connector.RequestFacade@8904331
2018-02-28 18:40:08.842 DEBUG IN-MU-LT-J27428 --- [nio-8082-exec-8] o.s.b.w.f.OrderedRequestContextFilter    : Bound request context to thread: org.apache.catalina.connector.RequestFacade@28566477
2018-02-28 18:40:08.842 DEBUG IN-MU-LT-J27428 --- [nio-8082-exec-8] o.s.w.s.DispatcherServlet                : DispatcherServlet with name 'dispatcherServlet' processing GET request for [/printLogger]
2018-02-28 18:40:08.843 DEBUG IN-MU-LT-J27428 --- [nio-8082-exec-8] s.w.s.m.m.a.RequestMappingHandlerMapping : Looking up handler method for path /printLogger
2018-02-28 18:40:08.843 DEBUG IN-MU-LT-J27428 --- [nio-8082-exec-8] s.w.s.m.m.a.RequestMappingHandlerMapping : Returning handler method [public org.springframework.http.ResponseEntity<com.travelex.response.BaseResponse> com.travelex.controller.ConsumerController.printLogs()]
2018-02-28 18:40:08.843 DEBUG IN-MU-LT-J27428 --- [nio-8082-exec-8] o.s.b.f.s.DefaultListableBeanFactory     : Returning cached instance of singleton bean 'consumerController'
2018-02-28 18:40:08.843 DEBUG IN-MU-LT-J27428 --- [nio-8082-exec-8] o.s.w.s.DispatcherServlet                : Last-Modified value for [/printLogger] is: -1
2018-02-28 18:40:08.843 DEBUG IN-MU-LT-J27428 --- [nio-8082-exec-8] o.j.s.OpenEntityManagerInViewInterceptor : Opening JPA EntityManager in OpenEntityManagerInViewInterceptor
2018-02-28 18:40:08.843 DEBUG IN-MU-LT-J27428 --- [nio-8082-exec-8] c.t.c.ConsumerController                 : This is Debug
2018-02-28 18:40:08.843  INFO IN-MU-LT-J27428 --- [nio-8082-exec-8] c.t.c.ConsumerController                 : This is Info 
2018-02-28 18:40:08.843  WARN IN-MU-LT-J27428 --- [nio-8082-exec-8] c.t.c.ConsumerController                 : This is Warning 
2018-02-28 18:40:08.843 ERROR IN-MU-LT-J27428 --- [nio-8082-exec-8] c.t.c.ConsumerController                 : This is Error 
2018-02-28 18:40:08.843 FATAL IN-MU-LT-J27428 --- [nio-8082-exec-8] c.t.c.ConsumerController                 : This is Fatal 
2018-02-28 18:40:08.855 DEBUG IN-MU-LT-J27428 --- [nio-8082-exec-8] o.s.w.s.m.m.a.HttpEntityMethodProcessor  : Written [BaseResponse(status=200, message=Everything looks good )] as "application/json" using [org.springframework.http.converter.json.MappingJackson2HttpMessageConverter@397bce86]
2018-02-28 18:40:08.855 DEBUG IN-MU-LT-J27428 --- [nio-8082-exec-8] o.s.w.s.DispatcherServlet                : Null ModelAndView returned to DispatcherServlet with name 'dispatcherServlet': assuming HandlerAdapter completed request handling
2018-02-28 18:40:08.855 DEBUG IN-MU-LT-J27428 --- [nio-8082-exec-8] o.j.s.OpenEntityManagerInViewInterceptor : Closing JPA EntityManager in OpenEntityManagerInViewInterceptor
2018-02-28 18:40:08.855 DEBUG IN-MU-LT-J27428 --- [nio-8082-exec-8] o.s.o.j.EntityManagerFactoryUtils        : Closing JPA EntityManager
2018-02-28 18:40:08.855 DEBUG IN-MU-LT-J27428 --- [nio-8082-exec-8] o.s.w.s.DispatcherServlet                : Successfully completed request
2018-02-28 18:40:08.855 DEBUG IN-MU-LT-J27428 --- [nio-8082-exec-8] o.s.b.w.f.OrderedRequestContextFilter    : Cleared thread-bound request context: org.apache.catalina.connector.RequestFacade@28566477
